<?xml version="1.0" encoding="UTF-8"?>
<testng-results ignored="0" total="1" passed="1" failed="0" skipped="0">
  <reporter-output>
  </reporter-output>
  <suite started-at="2020-12-10T16:54:21 CST" name="Default suite" finished-at="2020-12-10T16:54:43 CST" duration-ms="21910">
    <groups>
    </groups>
    <test started-at="2020-12-10T16:54:21 CST" name="Default test" finished-at="2020-12-10T16:54:43 CST" duration-ms="21910">
      <class name="tests.SiginsuccessTest">
        <test-method is-config="true" signature="beforeTest()[pri:0, instance:tests.SiginsuccessTest@5dd6264]" started-at="2020-12-10T16:54:21 CST" name="beforeTest" finished-at="2020-12-10T16:54:40 CST" duration-ms="19097" status="PASS">
          <reporter-output>
          </reporter-output>
        </test-method> <!-- beforeTest -->
        <test-method signature="signinsuccess()[pri:0, instance:tests.SiginsuccessTest@5dd6264]" started-at="2020-12-10T16:54:40 CST" name="signinsuccess" finished-at="2020-12-10T16:54:43 CST" duration-ms="2738" status="PASS">
          <reporter-output>
          </reporter-output>
        </test-method> <!-- signinsuccess -->
        <test-method is-config="true" signature="afterTest()[pri:0, instance:tests.SiginsuccessTest@5dd6264]" started-at="2020-12-10T16:54:43 CST" name="afterTest" finished-at="2020-12-10T16:54:43 CST" duration-ms="1" status="PASS">
          <reporter-output>
          </reporter-output>
        </test-method> <!-- afterTest -->
      </class> <!-- tests.SiginsuccessTest -->
    </test> <!-- Default test -->
  </suite> <!-- Default suite -->
</testng-results>
